This is METAFONT, Version 2.71828182 (preloaded base=mf 2026.4.23)  16 MAY 2026 15:44
**\mode:=ljfour; mag:=1+0/600; nonstopmode; input ectt1000
(/usr/local/texlive/2026basic/texmf-dist/fonts/source/jknappen/ec/ectt1000.mf
(/usr/local/texlive/2026basic/texmf-dist/fonts/source/jknappen/ec/exbase.mf)
(/usr/local/texlive/2026basic/texmf-dist/fonts/source/jknappen/ec/ectt.mf
(/usr/local/texlive/2026basic/texmf-dist/fonts/source/jknappen/ec/exroman.mf
 Ok
(/usr/local/texlive/2026basic/texmf-dist/fonts/source/jknappen/ec/exaccess.mf
 Ok)
(/usr/local/texlive/2026basic/texmf-dist/fonts/source/jknappen/ec/expseudo.mf
 Ok)
(/usr/local/texlive/2026basic/texmf-dist/fonts/source/jknappen/ec/exruwest.mf
 Ok [192] [193] [194] [195] [196] [197] [198] [199] [200] [201] [202] [203]
[204] [205] [206] [207] [208] [209] [210] [211] [212] [213] [214] [215]
[216] [217] [218] [219] [220] [221] [222] [223])
(/usr/local/texlive/2026basic/texmf-dist/fonts/source/jknappen/ec/exrlwest.mf
 Ok [224] [225] [226] [227] [228] [229] [230] [231] [232] [233] [234] [235]
[236] [237] [238] [239] [240] [241] [242] [243] [244] [245] [246] [247]
[248] [249] [250] [251] [252] [253] [254] [255])
(/usr/local/texlive/2026basic/texmf-dist/fonts/source/jknappen/ec/exrueast.mf
 Ok [128] [129] [130] [131] [132] [133] [134] [135] [136] [137] [138] [139]
[140] [141] [142] [143] [144] [145] [146] [147] [148] [149] [150] [151]
[152] [153] [154] [155] [156] [157])
(/usr/local/texlive/2026basic/texmf-dist/fonts/source/jknappen/ec/exrleast.mf
 Ok [158] [160] [161] [162] [163] [164] [165]
! Interruption.
l.338 
       rt x1r=hround min(w-.5u,w-u+.5right_curve);
? 
! Emergency stop.
l.338 
       rt x1r=hround min(w-.5u,w-u+.5right_curve);
End of file on the terminal!

 
Here is how much of METAFONT's memory you used:
 579 strings out of 5258
 6780 string characters out of 69696
 41030 words of memory out of 5000000
 1496 symbolic tokens out of 9500
 13i,79n,0r,23p,232b stack positions out of 300i,300n,1000r,150p,200000b
 
(You used 2w,9h,5d,1i,0l,0k,0e,0p metric file positions
  out of 256w,16h,16d,64i,15000l,2500k,256e,60p)
Font metrics written on ectt1000.tfm.
Output written on ectt1000.600gf (101 characters, 20828 bytes).
